#include <iostream>
#define UwU }
#define UwUUwU {
#define UwUUwUUwU std
#define UwUUwUUwUUwU <<
#define UwUUwUUwUUwUUwU ;
#define UwUUwUUwUUwUUwUUwU ::
#define UwUUwUUwUUwUUwUUwUUwU )
#define UwUUwUUwUUwUUwUUwUUwUUwU (
#define UwUUwUUwUUwUUwUUwUUwUUwUUwU while
#define UwUUwUUwUUwUUwUUwUUwUUwUUwUUwU return
#define UwUUwUUwUUwUUwUUwUUwUUwUUwUUwUUwU main
#define UwUUwUUwUUwUUwUUwUUwUUwUUwUUwUUwUUwU int
#define UwUUwUUwUUwUUwUUwUUwUUwUUwUUwUUwUUwUUwU endl
#define UwUUwUUwUUwUUwUUwUUwUUwUUwUUwUUwUUwUUwUUwU cout
#define UwUUwUUwUUwUUwUUwUUwUUwUUwUUwUUwUUwUUwUUwUUwU 1
#define UwUUwUUwUUwUUwUUwUUwUUwUUwUUwUUwUUwUUwUUwUUwUUwU 0
#define UwUUwUUwUUwUUwUUwUUwUUwUUwUUwUUwUUwUUwUUwUUwUUwUUwU "UwU"
UwUUwUUwUUwUUwUUwUUwUUwUUwUUwUUwUUwU UwUUwUUwUUwUUwUUwUUwUUwUUwUUwUUwU UwUUwUUwUUwUUwUUwUUwUUwU UwUUwUUwUUwUUwUUwUUwU UwUUwU 
UwUUwUUwUUwUUwUUwUUwUUwUUwU UwUUwUUwUUwUUwUUwUUwUUwU UwUUwUUwUUwUUwUUwUUwUUwUUwUUwUUwUUwUUwUUwUUwU UwUUwUUwUUwUUwUUwUUwU 
UwUUwU 
UwUUwUUwU UwUUwUUwUUwUUwUUwU UwUUwUUwUUwUUwUUwUUwUUwUUwUUwUUwUUwUUwUUwU UwUUwUUwUUwU 
UwUUwUUwUUwUUwUUwUUwUUwUUwUUwUUwUUwUUwUUwUUwUUwUUwU 
UwUUwUUwUUwU UwUUwUUwU UwUUwUUwUUwUUwUUwU UwUUwUUwUUwUUwUUwUUwUUwUUwUUwUUwUUwUUwU UwUUwUUwUUwUUwU 
UwU 
UwUUwUUwUUwUUwUUwUUwUUwUUwUUwU UwUUwUUwUUwUUwUUwUUwUUwUUwUUwUUwUUwUUwUUwUUwUUwU UwUUwUUwUUwUUwU 
UwU 
